<?xml version="1.0" encoding="UTF-8"?>
<coverage generated="1519978677162" clover="3.2.0">
  <project timestamp="1519978677163" name="All files">
    <metrics statements="20" coveredstatements="20" conditionals="9" coveredconditionals="9" methods="7" coveredmethods="7" elements="36" coveredelements="36" complexity="0" loc="20" ncloc="20" packages="1" files="1" classes="1">
      <file name="PasswordValidator.js" path="/Users/atsuhiro_teshima/Desktop/tdd-ex/src/lib/PasswordValidator.js">
        <metrics statements="20" coveredstatements="20" conditionals="9" coveredconditionals="9" methods="7" coveredmethods="7"/>
        <line num="3" count="6" type="stmt"/>
        <line num="4" count="6" type="stmt"/>
        <line num="5" count="6" type="stmt"/>
        <line num="6" count="6" type="stmt"/>
        <line num="9" count="6" type="stmt"/>
        <line num="13" count="1" type="stmt"/>
        <line num="15" count="5" type="stmt"/>
        <line num="18" count="6" type="cond" truecount="2" falsecount="0"/>
        <line num="19" count="5" type="stmt"/>
        <line num="21" count="1" type="stmt"/>
        <line num="28" count="5" type="cond" truecount="2" falsecount="0"/>
        <line num="29" count="4" type="stmt"/>
        <line num="31" count="1" type="stmt"/>
        <line num="38" count="4" type="stmt"/>
        <line num="39" count="4" type="stmt"/>
        <line num="40" count="4" type="stmt"/>
        <line num="41" count="4" type="stmt"/>
        <line num="42" count="4" type="cond" truecount="5" falsecount="0"/>
        <line num="43" count="1" type="stmt"/>
        <line num="45" count="3" type="stmt"/>
      </file>
    </metrics>
  </project>
</coverage>
