{"/Users/atsuhiro_teshima/Desktop/tdd-ex/src/lib/PasswordValidator.js": {"path":"/Users/atsuhiro_teshima/Desktop/tdd-ex/src/lib/PasswordValidator.js","statementMap":{"0":{"start":{"line":3,"column":8},"end":{"line":3,"column":33}},"1":{"start":{"line":4,"column":8},"end":{"line":4,"column":57}},"2":{"start":{"line":5,"column":8},"end":{"line":5,"column":57}},"3":{"start":{"line":6,"column":8},"end":{"line":6,"column":61}},"4":{"start":{"line":9,"column":8},"end":{"line":15,"column":31}},"5":{"start":{"line":13,"column":16},"end":{"line":13,"column":41}},"6":{"start":{"line":15,"column":26},"end":{"line":15,"column":29}},"7":{"start":{"line":18,"column":8},"end":{"line":25,"column":9}},"8":{"start":{"line":19,"column":12},"end":{"line":19,"column":37}},"9":{"start":{"line":21,"column":12},"end":{"line":24,"column":15}},"10":{"start":{"line":28,"column":8},"end":{"line":35,"column":9}},"11":{"start":{"line":29,"column":12},"end":{"line":29,"column":37}},"12":{"start":{"line":31,"column":12},"end":{"line":34,"column":15}},"13":{"start":{"line":38,"column":20},"end":{"line":38,"column":33}},"14":{"start":{"line":39,"column":20},"end":{"line":39,"column":29}},"15":{"start":{"line":40,"column":20},"end":{"line":40,"column":29}},"16":{"start":{"line":41,"column":20},"end":{"line":41,"column":29}},"17":{"start":{"line":42,"column":8},"end":{"line":49,"column":9}},"18":{"start":{"line":43,"column":12},"end":{"line":43,"column":37}},"19":{"start":{"line":45,"column":12},"end":{"line":48,"column":15}}},"fnMap":{"0":{"name":"(anonymous_0)","decl":{"start":{"line":2,"column":4},"end":{"line":2,"column":5}},"loc":{"start":{"line":2,"column":26},"end":{"line":7,"column":5}},"line":2},"1":{"name":"(anonymous_1)","decl":{"start":{"line":8,"column":4},"end":{"line":8,"column":5}},"loc":{"start":{"line":8,"column":15},"end":{"line":16,"column":5}},"line":8},"2":{"name":"(anonymous_2)","decl":{"start":{"line":12,"column":18},"end":{"line":12,"column":19}},"loc":{"start":{"line":12,"column":27},"end":{"line":14,"column":13}},"line":12},"3":{"name":"(anonymous_3)","decl":{"start":{"line":15,"column":19},"end":{"line":15,"column":20}},"loc":{"start":{"line":15,"column":26},"end":{"line":15,"column":29}},"line":15},"4":{"name":"(anonymous_4)","decl":{"start":{"line":17,"column":4},"end":{"line":17,"column":5}},"loc":{"start":{"line":17,"column":19},"end":{"line":26,"column":5}},"line":17},"5":{"name":"(anonymous_5)","decl":{"start":{"line":27,"column":4},"end":{"line":27,"column":5}},"loc":{"start":{"line":27,"column":19},"end":{"line":36,"column":5}},"line":27},"6":{"name":"(anonymous_6)","decl":{"start":{"line":37,"column":4},"end":{"line":37,"column":5}},"loc":{"start":{"line":37,"column":21},"end":{"line":50,"column":5}},"line":37}},"branchMap":{"0":{"loc":{"start":{"line":18,"column":8},"end":{"line":25,"column":9}},"type":"if","locations":[{"start":{"line":18,"column":8},"end":{"line":25,"column":9}},{"start":{"line":18,"column":8},"end":{"line":25,"column":9}}],"line":18},"1":{"loc":{"start":{"line":28,"column":8},"end":{"line":35,"column":9}},"type":"if","locations":[{"start":{"line":28,"column":8},"end":{"line":35,"column":9}},{"start":{"line":28,"column":8},"end":{"line":35,"column":9}}],"line":28},"2":{"loc":{"start":{"line":42,"column":8},"end":{"line":49,"column":9}},"type":"if","locations":[{"start":{"line":42,"column":8},"end":{"line":49,"column":9}},{"start":{"line":42,"column":8},"end":{"line":49,"column":9}}],"line":42},"3":{"loc":{"start":{"line":42,"column":12},"end":{"line":42,"column":59}},"type":"binary-expr","locations":[{"start":{"line":42,"column":12},"end":{"line":42,"column":25}},{"start":{"line":42,"column":29},"end":{"line":42,"column":42}},{"start":{"line":42,"column":46},"end":{"line":42,"column":59}}],"line":42}},"s":{"0":6,"1":6,"2":6,"3":6,"4":6,"5":1,"6":5,"7":6,"8":5,"9":1,"10":5,"11":4,"12":1,"13":4,"14":4,"15":4,"16":4,"17":4,"18":1,"19":3},"f":{"0":6,"1":6,"2":1,"3":5,"4":6,"5":5,"6":4},"b":{"0":[5,1],"1":[4,1],"2":[1,3],"3":[4,3,2]},"_coverageSchema":"332fd63041d2c1bcb487cc26dd0d5f7d97098a6c","hash":"65864dcb962e22bf603b37b035581110452f54ca"}
}
