TN:
SF:/Users/atsuhiro_teshima/Desktop/tdd-ex/src/lib/PasswordValidator.js
FN:2,(anonymous_0)
FN:8,(anonymous_1)
FN:12,(anonymous_2)
FN:15,(anonymous_3)
FN:17,(anonymous_4)
FN:27,(anonymous_5)
FN:37,(anonymous_6)
FNF:7
FNH:7
FNDA:6,(anonymous_0)
FNDA:6,(anonymous_1)
FNDA:1,(anonymous_2)
FNDA:5,(anonymous_3)
FNDA:6,(anonymous_4)
FNDA:5,(anonymous_5)
FNDA:4,(anonymous_6)
DA:3,6
DA:4,6
DA:5,6
DA:6,6
DA:9,6
DA:13,1
DA:15,5
DA:18,6
DA:19,5
DA:21,1
DA:28,5
DA:29,4
DA:31,1
DA:38,4
DA:39,4
DA:40,4
DA:41,4
DA:42,4
DA:43,1
DA:45,3
LF:20
LH:20
BRDA:18,0,0,5
BRDA:18,0,1,1
BRDA:28,1,0,4
BRDA:28,1,1,1
BRDA:42,2,0,1
BRDA:42,2,1,3
BRDA:42,3,0,4
BRDA:42,3,1,3
BRDA:42,3,2,2
BRF:9
BRH:9
end_of_record
